{'Metrics': {'Metric Name': 'cpuLoad', 'Timing': '3h', 'Computation Time [s]': 3.84}}
{'Evalution_Values': {'Metric Name': 'cpuLoad', 'Timing': '3h', 'Computation Time [s]': 0.01}}
{'Prediction_values': {'Metric Name': 'cpuLoad', 'Timing': '3h', 'Computation Time [s]': 0.49}}
{'Metrics': {'Metric Name': 'cpuLoad', 'Timing': '1h', 'Computation Time [s]': 1.23}}
{'Evalution_Values': {'Metric Name': 'cpuLoad', 'Timing': '1h', 'Computation Time [s]': 0.01}}
{'Prediction_values': {'Metric Name': 'cpuLoad', 'Timing': '1h', 'Computation Time [s]': 0.53}}
{'Metrics': {'Metric Name': 'cpuTemp', 'Timing': '3h', 'Computation Time [s]': 3.74}}
{'Evalution_Values': {'Metric Name': 'cpuTemp', 'Timing': '3h', 'Computation Time [s]': 0.01}}
{'Prediction_values': {'Metric Name': 'cpuTemp', 'Timing': '3h', 'Computation Time [s]': 0.48}}
{'Metrics': {'Metric Name': 'cpuTemp', 'Timing': '1h', 'Computation Time [s]': 1.21}}
{'Evalution_Values': {'Metric Name': 'cpuTemp', 'Timing': '1h', 'Computation Time [s]': 0.01}}
{'Prediction_values': {'Metric Name': 'cpuTemp', 'Timing': '1h', 'Computation Time [s]': 0.42}}
{'Metrics': {'Metric Name': 'diskUsage', 'Timing': '3h', 'Computation Time [s]': 4.35}}
{'Evalution_Values': {'Metric Name': 'diskUsage', 'Timing': '3h', 'Computation Time [s]': 0.01}}
{'Prediction_values': {'Metric Name': 'diskUsage', 'Timing': '3h', 'Computation Time [s]': 0.46}}
{'Metrics': {'Metric Name': 'diskUsage', 'Timing': '1h', 'Computation Time [s]': 1.22}}
{'Evalution_Values': {'Metric Name': 'diskUsage', 'Timing': '1h', 'Computation Time [s]': 0.01}}
{'Prediction_values': {'Metric Name': 'diskUsage', 'Timing': '1h', 'Computation Time [s]': 0.4}}
{'Metrics': {'Metric Name': 'availableMem', 'Timing': '3h', 'Computation Time [s]': 3.7}}
{'Evalution_Values': {'Metric Name': 'availableMem', 'Timing': '3h', 'Computation Time [s]': 0.0}}
{'Prediction_values': {'Metric Name': 'availableMem', 'Timing': '3h', 'Computation Time [s]': 0.45}}
{'Metrics': {'Metric Name': 'availableMem', 'Timing': '1h', 'Computation Time [s]': 1.22}}
{'Evalution_Values': {'Metric Name': 'availableMem', 'Timing': '1h', 'Computation Time [s]': 0.01}}
{'Prediction_values': {'Metric Name': 'availableMem', 'Timing': '1h', 'Computation Time [s]': 0.49}}
{'Metrics': {'Metric Name': 'networkThroughput', 'Timing': '3h', 'Computation Time [s]': 3.75}}
{'Evalution_Values': {'Metric Name': 'networkThroughput', 'Timing': '3h', 'Computation Time [s]': 0.01}}
{'Prediction_values': {'Metric Name': 'networkThroughput', 'Timing': '3h', 'Computation Time [s]': 0.46}}
{'Metrics': {'Metric Name': 'networkThroughput', 'Timing': '1h', 'Computation Time [s]': 1.21}}
{'Evalution_Values': {'Metric Name': 'networkThroughput', 'Timing': '1h', 'Computation Time [s]': 0.01}}
{'Prediction_values': {'Metric Name': 'networkThroughput', 'Timing': '1h', 'Computation Time [s]': 0.45}}
{'Metrics': {'Metric Name': 'cpuLoad', 'Timing': '3h', 'Computation Time [s]': 7.06}}
{'Evalution_Values': {'Metric Name': 'cpuLoad', 'Timing': '3h', 'Computation Time [s]': 0.01}}
{'Prediction_values': {'Metric Name': 'cpuLoad', 'Timing': '3h', 'Computation Time [s]': 0.44}}
{'Metrics': {'Metric Name': 'cpuLoad', 'Timing': '1h', 'Computation Time [s]': 2.25}}
{'Evalution_Values': {'Metric Name': 'cpuLoad', 'Timing': '1h', 'Computation Time [s]': 0.01}}
{'Prediction_values': {'Metric Name': 'cpuLoad', 'Timing': '1h', 'Computation Time [s]': 0.66}}
{'Metrics': {'Metric Name': 'cpuTemp', 'Timing': '3h', 'Computation Time [s]': 6.08}}
{'Evalution_Values': {'Metric Name': 'cpuTemp', 'Timing': '3h', 'Computation Time [s]': 0.01}}
{'Prediction_values': {'Metric Name': 'cpuTemp', 'Timing': '3h', 'Computation Time [s]': 0.77}}
{'Metrics': {'Metric Name': 'cpuTemp', 'Timing': '1h', 'Computation Time [s]': 2.12}}
{'Evalution_Values': {'Metric Name': 'cpuTemp', 'Timing': '1h', 'Computation Time [s]': 0.0}}
{'Prediction_values': {'Metric Name': 'cpuTemp', 'Timing': '1h', 'Computation Time [s]': 0.44}}
{'Metrics': {'Metric Name': 'diskUsage', 'Timing': '3h', 'Computation Time [s]': 5.95}}
{'Evalution_Values': {'Metric Name': 'diskUsage', 'Timing': '3h', 'Computation Time [s]': 0.01}}
{'Prediction_values': {'Metric Name': 'diskUsage', 'Timing': '3h', 'Computation Time [s]': 0.51}}
{'Metrics': {'Metric Name': 'diskUsage', 'Timing': '1h', 'Computation Time [s]': 2.18}}
{'Evalution_Values': {'Metric Name': 'diskUsage', 'Timing': '1h', 'Computation Time [s]': 0.01}}
{'Prediction_values': {'Metric Name': 'diskUsage', 'Timing': '1h', 'Computation Time [s]': 0.52}}
{'Metrics': {'Metric Name': 'availableMem', 'Timing': '3h', 'Computation Time [s]': 6.77}}
{'Evalution_Values': {'Metric Name': 'availableMem', 'Timing': '3h', 'Computation Time [s]': 0.03}}
{'Prediction_values': {'Metric Name': 'availableMem', 'Timing': '3h', 'Computation Time [s]': 1.33}}
{'Metrics': {'Metric Name': 'availableMem', 'Timing': '1h', 'Computation Time [s]': 2.27}}
{'Evalution_Values': {'Metric Name': 'availableMem', 'Timing': '1h', 'Computation Time [s]': 0.03}}
{'Prediction_values': {'Metric Name': 'availableMem', 'Timing': '1h', 'Computation Time [s]': 1.47}}
{'Metrics': {'Metric Name': 'networkThroughput', 'Timing': '3h', 'Computation Time [s]': 6.31}}
{'Evalution_Values': {'Metric Name': 'networkThroughput', 'Timing': '3h', 'Computation Time [s]': 0.01}}
{'Prediction_values': {'Metric Name': 'networkThroughput', 'Timing': '3h', 'Computation Time [s]': 0.47}}
{'Metrics': {'Metric Name': 'networkThroughput', 'Timing': '1h', 'Computation Time [s]': 2.2}}
{'Evalution_Values': {'Metric Name': 'networkThroughput', 'Timing': '1h', 'Computation Time [s]': 0.01}}
{'Prediction_values': {'Metric Name': 'networkThroughput', 'Timing': '1h', 'Computation Time [s]': 0.45}}
{'Metrics': {'Metric Name': 'cpuLoad', 'Timing': '12h', 'Computation Time [s]': 16.85}}
{'Evalution_Values': {'Metric Name': 'cpuLoad', 'Timing': '12h', 'Computation Time [s]': 0.08}}
{'Prediction_values': {'Metric Name': 'cpuLoad', 'Timing': '12h', 'Computation Time [s]': 0.61}}
{'Metrics': {'Metric Name': 'cpuLoad', 'Timing': '3h', 'Computation Time [s]': 3.91}}
{'Evalution_Values': {'Metric Name': 'cpuLoad', 'Timing': '3h', 'Computation Time [s]': 0.01}}
{'Prediction_values': {'Metric Name': 'cpuLoad', 'Timing': '3h', 'Computation Time [s]': 0.46}}
{'Metrics': {'Metric Name': 'cpuLoad', 'Timing': '1h', 'Computation Time [s]': 1.27}}
{'Evalution_Values': {'Metric Name': 'cpuLoad', 'Timing': '1h', 'Computation Time [s]': 0.01}}
{'Prediction_values': {'Metric Name': 'cpuLoad', 'Timing': '1h', 'Computation Time [s]': 0.44}}
{'Metrics': {'Metric Name': 'cpuTemp', 'Timing': '12h', 'Computation Time [s]': 15.91}}
{'Evalution_Values': {'Metric Name': 'cpuTemp', 'Timing': '12h', 'Computation Time [s]': 0.03}}
{'Prediction_values': {'Metric Name': 'cpuTemp', 'Timing': '12h', 'Computation Time [s]': 0.7}}
{'Metrics': {'Metric Name': 'cpuTemp', 'Timing': '3h', 'Computation Time [s]': 3.92}}
{'Evalution_Values': {'Metric Name': 'cpuTemp', 'Timing': '3h', 'Computation Time [s]': 0.01}}
{'Prediction_values': {'Metric Name': 'cpuTemp', 'Timing': '3h', 'Computation Time [s]': 0.51}}
{'Metrics': {'Metric Name': 'cpuTemp', 'Timing': '1h', 'Computation Time [s]': 1.29}}
{'Evalution_Values': {'Metric Name': 'cpuTemp', 'Timing': '1h', 'Computation Time [s]': 0.01}}
{'Prediction_values': {'Metric Name': 'cpuTemp', 'Timing': '1h', 'Computation Time [s]': 0.52}}
{'Metrics': {'Metric Name': 'diskUsage', 'Timing': '12h', 'Computation Time [s]': 15.88}}
{'Evalution_Values': {'Metric Name': 'diskUsage', 'Timing': '12h', 'Computation Time [s]': 0.04}}
{'Prediction_values': {'Metric Name': 'diskUsage', 'Timing': '12h', 'Computation Time [s]': 0.61}}
{'Metrics': {'Metric Name': 'diskUsage', 'Timing': '3h', 'Computation Time [s]': 3.99}}
{'Evalution_Values': {'Metric Name': 'diskUsage', 'Timing': '3h', 'Computation Time [s]': 0.01}}
{'Prediction_values': {'Metric Name': 'diskUsage', 'Timing': '3h', 'Computation Time [s]': 0.48}}
{'Metrics': {'Metric Name': 'diskUsage', 'Timing': '1h', 'Computation Time [s]': 1.27}}
{'Evalution_Values': {'Metric Name': 'diskUsage', 'Timing': '1h', 'Computation Time [s]': 0.01}}
{'Prediction_values': {'Metric Name': 'diskUsage', 'Timing': '1h', 'Computation Time [s]': 0.52}}
{'Metrics': {'Metric Name': 'availableMem', 'Timing': '12h', 'Computation Time [s]': 16.01}}
{'Evalution_Values': {'Metric Name': 'availableMem', 'Timing': '12h', 'Computation Time [s]': 0.05}}
{'Prediction_values': {'Metric Name': 'availableMem', 'Timing': '12h', 'Computation Time [s]': 0.63}}
{'Metrics': {'Metric Name': 'availableMem', 'Timing': '3h', 'Computation Time [s]': 6.75}}
{'Evalution_Values': {'Metric Name': 'availableMem', 'Timing': '3h', 'Computation Time [s]': 0.01}}
{'Prediction_values': {'Metric Name': 'availableMem', 'Timing': '3h', 'Computation Time [s]': 0.5}}
{'Metrics': {'Metric Name': 'availableMem', 'Timing': '1h', 'Computation Time [s]': 2.12}}
{'Evalution_Values': {'Metric Name': 'availableMem', 'Timing': '1h', 'Computation Time [s]': 0.01}}
{'Prediction_values': {'Metric Name': 'availableMem', 'Timing': '1h', 'Computation Time [s]': 0.5}}
{'Metrics': {'Metric Name': 'networkThroughput', 'Timing': '12h', 'Computation Time [s]': 18.86}}
{'Evalution_Values': {'Metric Name': 'networkThroughput', 'Timing': '12h', 'Computation Time [s]': 0.04}}
{'Prediction_values': {'Metric Name': 'networkThroughput', 'Timing': '12h', 'Computation Time [s]': 0.55}}
{'Metrics': {'Metric Name': 'networkThroughput', 'Timing': '3h', 'Computation Time [s]': 3.95}}
{'Evalution_Values': {'Metric Name': 'networkThroughput', 'Timing': '3h', 'Computation Time [s]': 0.01}}
{'Prediction_values': {'Metric Name': 'networkThroughput', 'Timing': '3h', 'Computation Time [s]': 0.46}}
{'Metrics': {'Metric Name': 'networkThroughput', 'Timing': '1h', 'Computation Time [s]': 1.45}}
{'Evalution_Values': {'Metric Name': 'networkThroughput', 'Timing': '1h', 'Computation Time [s]': 0.02}}
{'Prediction_values': {'Metric Name': 'networkThroughput', 'Timing': '1h', 'Computation Time [s]': 0.5}}
